2019-07-20 16:26:37.401  INFO 11884 --- [main] c.e.a.AdminServiceApplication            : The following profiles are active: pro
2019-07-20 16:26:37.448  INFO 11884 --- [main] ConfigServletWebServerApplicationContext : Refreshing org.springframework.boot.web.servlet.context.AnnotationConfigServletWebServerApplicationContext@5f0e9815: startup date [Sat Jul 20 16:26:37 CST 2019]; parent: org.springframework.context.annotation.AnnotationConfigApplicationContext@58d75e99
2019-07-20 16:26:38.182 ERROR 11884 --- [main] o.s.boot.SpringApplication               : Application run failed

java.lang.NoClassDefFoundError: org/springframework/cloud/netflix/zuul/ZuulConfiguration
	at java.lang.ClassLoader.defineClass1(Native Method)
	at java.lang.ClassLoader.defineClass(ClassLoader.java:763)
	at java.security.SecureClassLoader.defineClass(SecureClassLoader.java:142)
	at java.net.URLClassLoader.defineClass(URLClassLoader.java:467)
	at java.net.URLClassLoader.access$100(URLClassLoader.java:73)
	at java.net.URLClassLoader$1.run(URLClassLoader.java:368)
	at java.net.URLClassLoader$1.run(URLClassLoader.java:362)
	at java.security.AccessController.doPrivileged(Native Method)
	at java.net.URLClassLoader.findClass(URLClassLoader.java:361)
	at java.lang.ClassLoader.loadClass(ClassLoader.java:424)
	at sun.misc.Launcher$AppClassLoader.loadClass(Launcher.java:349)
	at java.lang.ClassLoader.loadClass(ClassLoader.java:357)
	at de.codecentric.boot.admin.config.AdminServerImportSelector.selectImports(AdminServerImportSelector.java:31)
	at org.springframework.context.annotation.ConfigurationClassParser$DefaultDeferredImportSelectorGroup.process(ConfigurationClassParser.java:844)
	at org.springframework.context.annotation.ConfigurationClassParser$DeferredImportSelectorGrouping.getImports(ConfigurationClassParser.java:830)
	at org.springframework.context.annotation.ConfigurationClassParser.processDeferredImportSelectors(ConfigurationClassParser.java:563)
	at org.springframework.context.annotation.ConfigurationClassParser.parse(ConfigurationClassParser.java:188)
	at org.springframework.context.annotation.ConfigurationClassPostProcessor.processConfigBeanDefinitions(ConfigurationClassPostProcessor.java:316)
	at org.springframework.context.annotation.ConfigurationClassPostProcessor.postProcessBeanDefinitionRegistry(ConfigurationClassPostProcessor.java:233)
	at org.springframework.context.support.PostProcessorRegistrationDelegate.invokeBeanDefinitionRegistryPostProcessors(PostProcessorRegistrationDelegate.java:273)
	at org.springframework.context.support.PostProcessorRegistrationDelegate.invokeBeanFactoryPostProcessors(PostProcessorRegistrationDelegate.java:93)
	at org.springframework.context.support.AbstractApplicationContext.invokeBeanFactoryPostProcessors(AbstractApplicationContext.java:694)
	at org.springframework.context.support.AbstractApplicationContext.refresh(AbstractApplicationContext.java:532)
	at org.springframework.boot.web.servlet.context.ServletWebServerApplicationContext.refresh(ServletWebServerApplicationContext.java:140)
	at org.springframework.boot.SpringApplication.refresh(SpringApplication.java:759)
	at org.springframework.boot.SpringApplication.refreshContext(SpringApplication.java:395)
	at org.springframework.boot.SpringApplication.run(SpringApplication.java:327)
	at org.springframework.boot.SpringApplication.run(SpringApplication.java:1255)
	at org.springframework.boot.SpringApplication.run(SpringApplication.java:1243)
	at com.example.adminservice.AdminServiceApplication.main(AdminServiceApplication.java:18)
Caused by: java.lang.ClassNotFoundException: org.springframework.cloud.netflix.zuul.ZuulConfiguration
	at java.net.URLClassLoader.findClass(URLClassLoader.java:381)
	at java.lang.ClassLoader.loadClass(ClassLoader.java:424)
	at sun.misc.Launcher$AppClassLoader.loadClass(Launcher.java:349)
	at java.lang.ClassLoader.loadClass(ClassLoader.java:357)
	... 30 common frames omitted

2019-07-20 16:26:38.184  INFO 11884 --- [main] ConfigServletWebServerApplicationContext : Closing org.springframework.boot.web.servlet.context.AnnotationConfigServletWebServerApplicationContext@5f0e9815: startup date [Sat Jul 20 16:26:37 CST 2019]; parent: org.springframework.context.annotation.AnnotationConfigApplicationContext@58d75e99
2019-07-20 16:28:49.020  INFO 668 --- [main] c.e.a.AdminServiceApplication            : The following profiles are active: pro
2019-07-20 16:28:49.046  INFO 668 --- [main] ConfigServletWebServerApplicationContext : Refreshing org.springframework.boot.web.servlet.context.AnnotationConfigServletWebServerApplicationContext@76012793: startup date [Sat Jul 20 16:28:49 CST 2019]; parent: org.springframework.context.annotation.AnnotationConfigApplicationContext@ffaa6af
2019-07-20 16:28:49.549 ERROR 668 --- [main] o.s.boot.SpringApplication               : Application run failed

java.lang.NoClassDefFoundError: org/springframework/cloud/netflix/zuul/ZuulConfiguration
	at java.lang.ClassLoader.defineClass1(Native Method)
	at java.lang.ClassLoader.defineClass(ClassLoader.java:763)
	at java.security.SecureClassLoader.defineClass(SecureClassLoader.java:142)
	at java.net.URLClassLoader.defineClass(URLClassLoader.java:467)
	at java.net.URLClassLoader.access$100(URLClassLoader.java:73)
	at java.net.URLClassLoader$1.run(URLClassLoader.java:368)
	at java.net.URLClassLoader$1.run(URLClassLoader.java:362)
	at java.security.AccessController.doPrivileged(Native Method)
	at java.net.URLClassLoader.findClass(URLClassLoader.java:361)
	at java.lang.ClassLoader.loadClass(ClassLoader.java:424)
	at sun.misc.Launcher$AppClassLoader.loadClass(Launcher.java:349)
	at java.lang.ClassLoader.loadClass(ClassLoader.java:357)
	at de.codecentric.boot.admin.config.AdminServerImportSelector.selectImports(AdminServerImportSelector.java:31)
	at org.springframework.context.annotation.ConfigurationClassParser$DefaultDeferredImportSelectorGroup.process(ConfigurationClassParser.java:844)
	at org.springframework.context.annotation.ConfigurationClassParser$DeferredImportSelectorGrouping.getImports(ConfigurationClassParser.java:830)
	at org.springframework.context.annotation.ConfigurationClassParser.processDeferredImportSelectors(ConfigurationClassParser.java:563)
	at org.springframework.context.annotation.ConfigurationClassParser.parse(ConfigurationClassParser.java:188)
	at org.springframework.context.annotation.ConfigurationClassPostProcessor.processConfigBeanDefinitions(ConfigurationClassPostProcessor.java:316)
	at org.springframework.context.annotation.ConfigurationClassPostProcessor.postProcessBeanDefinitionRegistry(ConfigurationClassPostProcessor.java:233)
	at org.springframework.context.support.PostProcessorRegistrationDelegate.invokeBeanDefinitionRegistryPostProcessors(PostProcessorRegistrationDelegate.java:273)
	at org.springframework.context.support.PostProcessorRegistrationDelegate.invokeBeanFactoryPostProcessors(PostProcessorRegistrationDelegate.java:93)
	at org.springframework.context.support.AbstractApplicationContext.invokeBeanFactoryPostProcessors(AbstractApplicationContext.java:694)
	at org.springframework.context.support.AbstractApplicationContext.refresh(AbstractApplicationContext.java:532)
	at org.springframework.boot.web.servlet.context.ServletWebServerApplicationContext.refresh(ServletWebServerApplicationContext.java:140)
	at org.springframework.boot.SpringApplication.refresh(SpringApplication.java:759)
	at org.springframework.boot.SpringApplication.refreshContext(SpringApplication.java:395)
	at org.springframework.boot.SpringApplication.run(SpringApplication.java:327)
	at org.springframework.boot.SpringApplication.run(SpringApplication.java:1255)
	at org.springframework.boot.SpringApplication.run(SpringApplication.java:1243)
	at com.example.adminservice.AdminServiceApplication.main(AdminServiceApplication.java:18)
Caused by: java.lang.ClassNotFoundException: org.springframework.cloud.netflix.zuul.ZuulConfiguration
	at java.net.URLClassLoader.findClass(URLClassLoader.java:381)
	at java.lang.ClassLoader.loadClass(ClassLoader.java:424)
	at sun.misc.Launcher$AppClassLoader.loadClass(Launcher.java:349)
	at java.lang.ClassLoader.loadClass(ClassLoader.java:357)
	... 30 common frames omitted

2019-07-20 16:28:49.550  INFO 668 --- [main] ConfigServletWebServerApplicationContext : Closing org.springframework.boot.web.servlet.context.AnnotationConfigServletWebServerApplicationContext@76012793: startup date [Sat Jul 20 16:28:49 CST 2019]; parent: org.springframework.context.annotation.AnnotationConfigApplicationContext@ffaa6af
2019-07-20 16:46:00.599  INFO 16804 --- [main] c.e.a.AdminServiceApplication            : The following profiles are active: pro
2019-07-20 16:46:00.624  INFO 16804 --- [main] ConfigServletWebServerApplicationContext : Refreshing org.springframework.boot.web.servlet.context.AnnotationConfigServletWebServerApplicationContext@43f82e78: startup date [Sat Jul 20 16:46:00 CST 2019]; parent: org.springframework.context.annotation.AnnotationConfigApplicationContext@4738a206
2019-07-20 16:46:01.133 ERROR 16804 --- [main] o.s.boot.SpringApplication               : Application run failed

java.lang.NoClassDefFoundError: org/springframework/cloud/netflix/zuul/ZuulConfiguration
	at java.lang.ClassLoader.defineClass1(Native Method)
	at java.lang.ClassLoader.defineClass(ClassLoader.java:763)
	at java.security.SecureClassLoader.defineClass(SecureClassLoader.java:142)
	at java.net.URLClassLoader.defineClass(URLClassLoader.java:467)
	at java.net.URLClassLoader.access$100(URLClassLoader.java:73)
	at java.net.URLClassLoader$1.run(URLClassLoader.java:368)
	at java.net.URLClassLoader$1.run(URLClassLoader.java:362)
	at java.security.AccessController.doPrivileged(Native Method)
	at java.net.URLClassLoader.findClass(URLClassLoader.java:361)
	at java.lang.ClassLoader.loadClass(ClassLoader.java:424)
	at sun.misc.Launcher$AppClassLoader.loadClass(Launcher.java:349)
	at java.lang.ClassLoader.loadClass(ClassLoader.java:357)
	at de.codecentric.boot.admin.config.AdminServerImportSelector.selectImports(AdminServerImportSelector.java:31)
	at org.springframework.context.annotation.ConfigurationClassParser$DefaultDeferredImportSelectorGroup.process(ConfigurationClassParser.java:844)
	at org.springframework.context.annotation.ConfigurationClassParser$DeferredImportSelectorGrouping.getImports(ConfigurationClassParser.java:830)
	at org.springframework.context.annotation.ConfigurationClassParser.processDeferredImportSelectors(ConfigurationClassParser.java:563)
	at org.springframework.context.annotation.ConfigurationClassParser.parse(ConfigurationClassParser.java:188)
	at org.springframework.context.annotation.ConfigurationClassPostProcessor.processConfigBeanDefinitions(ConfigurationClassPostProcessor.java:316)
	at org.springframework.context.annotation.ConfigurationClassPostProcessor.postProcessBeanDefinitionRegistry(ConfigurationClassPostProcessor.java:233)
	at org.springframework.context.support.PostProcessorRegistrationDelegate.invokeBeanDefinitionRegistryPostProcessors(PostProcessorRegistrationDelegate.java:273)
	at org.springframework.context.support.PostProcessorRegistrationDelegate.invokeBeanFactoryPostProcessors(PostProcessorRegistrationDelegate.java:93)
	at org.springframework.context.support.AbstractApplicationContext.invokeBeanFactoryPostProcessors(AbstractApplicationContext.java:694)
	at org.springframework.context.support.AbstractApplicationContext.refresh(AbstractApplicationContext.java:532)
	at org.springframework.boot.web.servlet.context.ServletWebServerApplicationContext.refresh(ServletWebServerApplicationContext.java:140)
	at org.springframework.boot.SpringApplication.refresh(SpringApplication.java:759)
	at org.springframework.boot.SpringApplication.refreshContext(SpringApplication.java:395)
	at org.springframework.boot.SpringApplication.run(SpringApplication.java:327)
	at org.springframework.boot.SpringApplication.run(SpringApplication.java:1255)
	at org.springframework.boot.SpringApplication.run(SpringApplication.java:1243)
	at com.example.adminservice.AdminServiceApplication.main(AdminServiceApplication.java:18)
Caused by: java.lang.ClassNotFoundException: org.springframework.cloud.netflix.zuul.ZuulConfiguration
	at java.net.URLClassLoader.findClass(URLClassLoader.java:381)
	at java.lang.ClassLoader.loadClass(ClassLoader.java:424)
	at sun.misc.Launcher$AppClassLoader.loadClass(Launcher.java:349)
	at java.lang.ClassLoader.loadClass(ClassLoader.java:357)
	... 30 common frames omitted

2019-07-20 16:46:01.135  INFO 16804 --- [main] ConfigServletWebServerApplicationContext : Closing org.springframework.boot.web.servlet.context.AnnotationConfigServletWebServerApplicationContext@43f82e78: startup date [Sat Jul 20 16:46:00 CST 2019]; parent: org.springframework.context.annotation.AnnotationConfigApplicationContext@4738a206
2019-07-20 16:47:41.866  INFO 7540 --- [main] c.e.a.AdminServiceApplication            : The following profiles are active: pro
2019-07-20 16:47:41.891  INFO 7540 --- [main] ConfigServletWebServerApplicationContext : Refreshing org.springframework.boot.web.servlet.context.AnnotationConfigServletWebServerApplicationContext@3da05287: startup date [Sat Jul 20 16:47:41 CST 2019]; parent: org.springframework.context.annotation.AnnotationConfigApplicationContext@434a63ab
2019-07-20 16:47:42.516 ERROR 7540 --- [main] o.s.boot.SpringApplication               : Application run failed

java.lang.NoClassDefFoundError: org/springframework/cloud/netflix/zuul/ZuulConfiguration
	at java.lang.ClassLoader.defineClass1(Native Method)
	at java.lang.ClassLoader.defineClass(ClassLoader.java:763)
	at java.security.SecureClassLoader.defineClass(SecureClassLoader.java:142)
	at java.net.URLClassLoader.defineClass(URLClassLoader.java:467)
	at java.net.URLClassLoader.access$100(URLClassLoader.java:73)
	at java.net.URLClassLoader$1.run(URLClassLoader.java:368)
	at java.net.URLClassLoader$1.run(URLClassLoader.java:362)
	at java.security.AccessController.doPrivileged(Native Method)
	at java.net.URLClassLoader.findClass(URLClassLoader.java:361)
	at java.lang.ClassLoader.loadClass(ClassLoader.java:424)
	at sun.misc.Launcher$AppClassLoader.loadClass(Launcher.java:349)
	at java.lang.ClassLoader.loadClass(ClassLoader.java:357)
	at de.codecentric.boot.admin.config.AdminServerImportSelector.selectImports(AdminServerImportSelector.java:31)
	at org.springframework.context.annotation.ConfigurationClassParser$DefaultDeferredImportSelectorGroup.process(ConfigurationClassParser.java:844)
	at org.springframework.context.annotation.ConfigurationClassParser$DeferredImportSelectorGrouping.getImports(ConfigurationClassParser.java:830)
	at org.springframework.context.annotation.ConfigurationClassParser.processDeferredImportSelectors(ConfigurationClassParser.java:563)
	at org.springframework.context.annotation.ConfigurationClassParser.parse(ConfigurationClassParser.java:188)
	at org.springframework.context.annotation.ConfigurationClassPostProcessor.processConfigBeanDefinitions(ConfigurationClassPostProcessor.java:316)
	at org.springframework.context.annotation.ConfigurationClassPostProcessor.postProcessBeanDefinitionRegistry(ConfigurationClassPostProcessor.java:233)
	at org.springframework.context.support.PostProcessorRegistrationDelegate.invokeBeanDefinitionRegistryPostProcessors(PostProcessorRegistrationDelegate.java:273)
	at org.springframework.context.support.PostProcessorRegistrationDelegate.invokeBeanFactoryPostProcessors(PostProcessorRegistrationDelegate.java:93)
	at org.springframework.context.support.AbstractApplicationContext.invokeBeanFactoryPostProcessors(AbstractApplicationContext.java:694)
	at org.springframework.context.support.AbstractApplicationContext.refresh(AbstractApplicationContext.java:532)
	at org.springframework.boot.web.servlet.context.ServletWebServerApplicationContext.refresh(ServletWebServerApplicationContext.java:140)
	at org.springframework.boot.SpringApplication.refresh(SpringApplication.java:759)
	at org.springframework.boot.SpringApplication.refreshContext(SpringApplication.java:395)
	at org.springframework.boot.SpringApplication.run(SpringApplication.java:327)
	at org.springframework.boot.SpringApplication.run(SpringApplication.java:1255)
	at org.springframework.boot.SpringApplication.run(SpringApplication.java:1243)
	at com.example.adminservice.AdminServiceApplication.main(AdminServiceApplication.java:18)
Caused by: java.lang.ClassNotFoundException: org.springframework.cloud.netflix.zuul.ZuulConfiguration
	at java.net.URLClassLoader.findClass(URLClassLoader.java:381)
	at java.lang.ClassLoader.loadClass(ClassLoader.java:424)
	at sun.misc.Launcher$AppClassLoader.loadClass(Launcher.java:349)
	at java.lang.ClassLoader.loadClass(ClassLoader.java:357)
	... 30 common frames omitted

2019-07-20 16:47:42.519  INFO 7540 --- [main] ConfigServletWebServerApplicationContext : Closing org.springframework.boot.web.servlet.context.AnnotationConfigServletWebServerApplicationContext@3da05287: startup date [Sat Jul 20 16:47:41 CST 2019]; parent: org.springframework.context.annotation.AnnotationConfigApplicationContext@434a63ab
2019-07-20 16:49:50.744  INFO 10720 --- [main] c.e.a.AdminServiceApplication            : The following profiles are active: pro
2019-07-20 16:49:50.771  INFO 10720 --- [main] ConfigServletWebServerApplicationContext : Refreshing org.springframework.boot.web.servlet.context.AnnotationConfigServletWebServerApplicationContext@13d9b21f: startup date [Sat Jul 20 16:49:50 CST 2019]; parent: org.springframework.context.annotation.AnnotationConfigApplicationContext@485966cc
2019-07-20 16:49:52.027  INFO 10720 --- [main] o.s.cloud.context.scope.GenericScope     : BeanFactory id=ea68ab95-a7ba-3bfe-9cd5-26a1c58000e9
2019-07-20 16:49:52.052  INFO 10720 --- [main] f.a.AutowiredAnnotationBeanPostProcessor : JSR-330 'javax.inject.Inject' annotation found and supported for autowiring
2019-07-20 16:49:52.189  INFO 10720 --- [main] o.s.core.annotation.AnnotationUtils      : Failed to introspect annotations on class spring.boot.admin.turbine.config.TurbineAutoConfiguration$$EnhancerBySpringCGLIB$$4c87e333: java.lang.ArrayStoreException: sun.reflect.annotation.TypeNotPresentExceptionProxy
2019-07-20 16:49:52.329  INFO 10720 --- [main] trationDelegate$BeanPostProcessorChecker : Bean 'org.springframework.cloud.autoconfigure.ConfigurationPropertiesRebinderAutoConfiguration' of type [org.springframework.cloud.autoconfigure.ConfigurationPropertiesRebinderAutoConfiguration$$EnhancerBySpringCGLIB$$965bf9e0] is not eligible for getting processed by all BeanPostProcessors (for example: not eligible for auto-proxying)
2019-07-20 16:49:52.739  INFO 10720 --- [main] o.s.b.w.embedded.tomcat.TomcatWebServer  : Tomcat initialized with port(s): 9998 (http)
2019-07-20 16:49:52.764  INFO 10720 --- [main] o.apache.catalina.core.StandardService   : Starting service [Tomcat]
2019-07-20 16:49:52.764  INFO 10720 --- [main] org.apache.catalina.core.StandardEngine  : Starting Servlet Engine: Apache Tomcat/8.5.31
2019-07-20 16:49:52.770  INFO 10720 --- [localhost-startStop-1] o.a.catalina.core.AprLifecycleListener   : The APR based Apache Tomcat Native library which allows optimal performance in production environments was not found on the java.library.path: [C:\Program Files\Java\jdk1.8.0_171\bin;C:\Windows\Sun\Java\bin;C:\Windows\system32;C:\Windows;C:\Program Files (x86)\Common Files\Oracle\Java\javapath;C:\Windows\system32;C:\Windows;C:\Windows\System32\Wbem;C:\Windows\System32\WindowsPowerShell\v1.0\;C:\Windows\System32\OpenSSH\;C:\Program Files\Git\cmd;C:\Program Files\MySQL\MySQL Server 5.5\bin;C:\Program Files\Java\jdk1.8.0_171\bin;D:\apache-maven-3.6.1\bin;C:\Users\ihyos\AppData\Local\Microsoft\WindowsApps;;.]
2019-07-20 16:49:52.932  INFO 10720 --- [localhost-startStop-1] o.a.c.c.C.[Tomcat].[localhost].[/]       : Initializing Spring embedded WebApplicationContext
2019-07-20 16:49:52.932  INFO 10720 --- [localhost-startStop-1] o.s.web.context.ContextLoader            : Root WebApplicationContext: initialization completed in 2161 ms
2019-07-20 16:49:53.296  WARN 10720 --- [localhost-startStop-1] c.n.c.sources.URLConfigurationSource     : No URLs will be polled as dynamic configuration sources.
2019-07-20 16:49:53.296  INFO 10720 --- [localhost-startStop-1] c.n.c.sources.URLConfigurationSource     : To enable URLs as dynamic configuration sources, define System property archaius.configurationSource.additionalUrls or make config.properties available on classpath.
2019-07-20 16:49:53.308  INFO 10720 --- [localhost-startStop-1] c.netflix.config.DynamicPropertyFactory  : DynamicPropertyFactory is initialized with configuration sources: com.netflix.config.ConcurrentCompositeConfiguration@4c657961
2019-07-20 16:49:53.471  INFO 10720 --- [localhost-startStop-1] o.s.core.annotation.AnnotationUtils      : Failed to introspect annotations on class spring.boot.admin.turbine.config.TurbineAutoConfiguration$$EnhancerBySpringCGLIB$$4c87e333: java.lang.ArrayStoreException: sun.reflect.annotation.TypeNotPresentExceptionProxy
2019-07-20 16:49:53.473  INFO 10720 --- [localhost-startStop-1] o.s.core.annotation.AnnotationUtils      : Failed to introspect annotations on class spring.boot.admin.turbine.config.TurbineAutoConfiguration$$EnhancerBySpringCGLIB$$4c87e333: java.lang.ArrayStoreException: sun.reflect.annotation.TypeNotPresentExceptionProxy
2019-07-20 16:49:55.158  INFO 10720 --- [localhost-startStop-1] o.s.cloud.commons.util.InetUtils         : Cannot determine local hostname
2019-07-20 16:49:56.722  INFO 10720 --- [localhost-startStop-1] o.s.cloud.commons.util.InetUtils         : Cannot determine local hostname
2019-07-20 16:49:57.251  INFO 10720 --- [localhost-startStop-1] o.s.core.annotation.AnnotationUtils      : Failed to introspect annotations on class spring.boot.admin.turbine.config.TurbineAutoConfiguration$$EnhancerBySpringCGLIB$$4c87e333: java.lang.ArrayStoreException: sun.reflect.annotation.TypeNotPresentExceptionProxy
2019-07-20 16:49:57.252  INFO 10720 --- [localhost-startStop-1] o.s.core.annotation.AnnotationUtils      : Failed to introspect annotations on class spring.boot.admin.turbine.config.TurbineAutoConfiguration$$EnhancerBySpringCGLIB$$4c87e333: java.lang.ArrayStoreException: sun.reflect.annotation.TypeNotPresentExceptionProxy
2019-07-20 16:49:57.426  INFO 10720 --- [localhost-startStop-1] o.s.b.w.servlet.FilterRegistrationBean   : Mapping filter: 'characterEncodingFilter' to: [/*]
2019-07-20 16:49:57.426  INFO 10720 --- [localhost-startStop-1] o.s.b.w.servlet.FilterRegistrationBean   : Mapping filter: 'hiddenHttpMethodFilter' to: [/*]
2019-07-20 16:49:57.427  INFO 10720 --- [localhost-startStop-1] o.s.b.w.servlet.FilterRegistrationBean   : Mapping filter: 'httpPutFormContentFilter' to: [/*]
2019-07-20 16:49:57.427  INFO 10720 --- [localhost-startStop-1] o.s.b.w.servlet.FilterRegistrationBean   : Mapping filter: 'requestContextFilter' to: [/*]
2019-07-20 16:49:57.428  INFO 10720 --- [localhost-startStop-1] .s.DelegatingFilterProxyRegistrationBean : Mapping filter: 'springSecurityFilterChain' to: [/*]
2019-07-20 16:49:57.428  INFO 10720 --- [localhost-startStop-1] o.s.b.w.servlet.FilterRegistrationBean   : Mapping filter: 'httpTraceFilter' to: [/*]
2019-07-20 16:49:57.428  INFO 10720 --- [localhost-startStop-1] o.s.b.w.servlet.FilterRegistrationBean   : Mapping filter: 'webMvcMetricsFilter' to: [/*]
2019-07-20 16:49:57.428  INFO 10720 --- [localhost-startStop-1] o.s.b.w.servlet.ServletRegistrationBean  : Servlet turbineStreamServlet mapped to [/turbine.stream]
2019-07-20 16:49:57.430  INFO 10720 --- [localhost-startStop-1] o.s.b.w.servlet.ServletRegistrationBean  : Servlet proxyStreamServlet mapped to [/proxy.stream]
2019-07-20 16:49:57.430  INFO 10720 --- [localhost-startStop-1] o.s.b.w.servlet.ServletRegistrationBean  : Servlet dispatcherServlet mapped to [/]
2019-07-20 16:49:57.618  INFO 10720 --- [main] o.s.ui.freemarker.SpringTemplateLoader   : SpringTemplateLoader for FreeMarker: using resource loader [org.springframework.boot.web.servlet.context.AnnotationConfigServletWebServerApplicationContext@13d9b21f: startup date [Sat Jul 20 16:49:50 CST 2019]; parent: org.springframework.context.annotation.AnnotationConfigApplicationContext@485966cc] and template loader path [classpath:/templates/]
2019-07-20 16:49:57.619  INFO 10720 --- [main] o.s.w.s.v.f.FreeMarkerConfigurer         : ClassTemplateLoader for Spring macros added to FreeMarker configuration
2019-07-20 16:49:57.688  WARN 10720 --- [main] c.n.c.sources.URLConfigurationSource     : No URLs will be polled as dynamic configuration sources.
2019-07-20 16:49:57.688  INFO 10720 --- [main] c.n.c.sources.URLConfigurationSource     : To enable URLs as dynamic configuration sources, define System property archaius.configurationSource.additionalUrls or make config.properties available on classpath.
2019-07-20 16:49:57.796  INFO 10720 --- [main] o.s.w.s.handler.SimpleUrlHandlerMapping  : Mapped URL path [/**/favicon.ico] onto handler of type [class org.springframework.web.servlet.resource.ResourceHttpRequestHandler]
2019-07-20 16:49:57.944  INFO 10720 --- [main] o.s.core.annotation.AnnotationUtils      : Failed to introspect annotations on class spring.boot.admin.turbine.config.TurbineAutoConfiguration$$EnhancerBySpringCGLIB$$4c87e333: java.lang.ArrayStoreException: sun.reflect.annotation.TypeNotPresentExceptionProxy
2019-07-20 16:49:57.945  INFO 10720 --- [main] o.s.core.annotation.AnnotationUtils      : Failed to introspect annotations on class spring.boot.admin.turbine.config.TurbineAutoConfiguration$$EnhancerBySpringCGLIB$$4c87e333: java.lang.ArrayStoreException: sun.reflect.annotation.TypeNotPresentExceptionProxy
2019-07-20 16:49:58.080  INFO 10720 --- [main] s.w.s.m.m.a.RequestMappingHandlerAdapter : Looking for @ControllerAdvice: org.springframework.boot.web.servlet.context.AnnotationConfigServletWebServerApplicationContext@13d9b21f: startup date [Sat Jul 20 16:49:50 CST 2019]; parent: org.springframework.context.annotation.AnnotationConfigApplicationContext@485966cc
2019-07-20 16:49:58.090  INFO 10720 --- [main] o.s.core.annotation.AnnotationUtils      : Failed to introspect annotations on class spring.boot.admin.turbine.config.TurbineAutoConfiguration$$EnhancerBySpringCGLIB$$4c87e333: java.lang.ArrayStoreException: sun.reflect.annotation.TypeNotPresentExceptionProxy
2019-07-20 16:49:58.091  INFO 10720 --- [main] o.s.core.annotation.AnnotationUtils      : Failed to introspect annotations on class spring.boot.admin.turbine.config.TurbineAutoConfiguration$$EnhancerBySpringCGLIB$$4c87e333: java.lang.ArrayStoreException: sun.reflect.annotation.TypeNotPresentExceptionProxy
2019-07-20 16:49:58.161  INFO 10720 --- [main] s.w.s.m.m.a.RequestMappingHandlerMapping : Mapped "{[/clusters],methods=[GET],produces=[application/json]}" onto public java.util.Collection<org.springframework.cloud.netflix.turbine.ClusterInformation> org.springframework.cloud.netflix.turbine.TurbineController.clusters(javax.servlet.http.HttpServletRequest)
2019-07-20 16:49:58.163  INFO 10720 --- [main] s.w.s.m.m.a.RequestMappingHandlerMapping : Mapped "{[/hystrix/{path}]}" onto public java.lang.String org.springframework.cloud.netflix.hystrix.dashboard.HystrixDashboardController.monitor(java.lang.String,org.springframework.ui.Model,org.springframework.web.context.request.WebRequest)
2019-07-20 16:49:58.163  INFO 10720 --- [main] s.w.s.m.m.a.RequestMappingHandlerMapping : Mapped "{[/hystrix]}" onto public java.lang.String org.springframework.cloud.netflix.hystrix.dashboard.HystrixDashboardController.home(org.springframework.ui.Model,org.springframework.web.context.request.WebRequest)
2019-07-20 16:49:58.166  INFO 10720 --- [main] s.w.s.m.m.a.RequestMappingHandlerMapping : Mapped "{[/error]}" onto public org.springframework.http.ResponseEntity<java.util.Map<java.lang.String, java.lang.Object>> org.springframework.boot.autoconfigure.web.servlet.error.BasicErrorController.error(javax.servlet.http.HttpServletRequest)
2019-07-20 16:49:58.167  INFO 10720 --- [main] s.w.s.m.m.a.RequestMappingHandlerMapping : Mapped "{[/error],produces=[text/html]}" onto public org.springframework.web.servlet.ModelAndView org.springframework.boot.autoconfigure.web.servlet.error.BasicErrorController.errorHtml(javax.servlet.http.HttpServletRequest,javax.servlet.http.HttpServletResponse)
2019-07-20 16:49:58.176  WARN 10720 --- [main] ConfigServletWebServerApplicationContext : Exception encountered during context initialization - cancelling refresh attempt: org.springframework.beans.factory.BeanCreationException: Error creating bean with name 'requestMappingHandlerMapping' defined in class path resource [org/springframework/boot/autoconfigure/web/servlet/WebMvcAutoConfiguration$EnableWebMvcConfiguration.class]: Invocation of init method failed; nested exception is java.lang.ArrayStoreException: sun.reflect.annotation.TypeNotPresentExceptionProxy
2019-07-20 16:49:58.220  WARN 10720 --- [main] o.s.b.f.support.DisposableBeanAdapter    : Invocation of destroy method 'close' failed on bean with name 'eurekaRegistration': org.springframework.beans.factory.BeanCreationNotAllowedException: Error creating bean with name 'org.springframework.cloud.netflix.eureka.EurekaClientAutoConfiguration$RefreshableEurekaClientConfiguration': Singleton bean creation not allowed while singletons of this factory are in destruction (Do not request a bean from a BeanFactory in a destroy method implementation!)
2019-07-20 16:49:58.223  INFO 10720 --- [main] o.apache.catalina.core.StandardService   : Stopping service [Tomcat]
2019-07-20 16:49:58.228  WARN 10720 --- [localhost-startStop-1] o.a.c.loader.WebappClassLoaderBase       : The web application [ROOT] appears to have started a thread named [spring.cloud.inetutils] but has failed to stop it. This is very likely to create a memory leak. Stack trace of thread:
 java.net.Inet6AddressImpl.getHostByAddr(Native Method)
 java.net.InetAddress$2.getHostByAddr(InetAddress.java:932)
 java.net.InetAddress.getHostFromNameService(InetAddress.java:617)
 java.net.InetAddress.getHostName(InetAddress.java:559)
 java.net.InetAddress.getHostName(InetAddress.java:531)
 org.springframework.cloud.commons.util.InetUtils$$Lambda$102/1157726741.call(Unknown Source)
 java.util.concurrent.FutureTask.run(FutureTask.java:266)
 java.util.concurrent.ThreadPoolExecutor.runWorker(ThreadPoolExecutor.java:1149)
 java.util.concurrent.ThreadPoolExecutor$Worker.run(ThreadPoolExecutor.java:624)
 java.lang.Thread.run(Thread.java:748)
2019-07-20 16:49:58.229  WARN 10720 --- [localhost-startStop-1] o.a.c.loader.WebappClassLoaderBase       : The web application [ROOT] appears to have started a thread named [RxIoScheduler-1 (Evictor)] but has failed to stop it. This is very likely to create a memory leak. Stack trace of thread:
 sun.misc.Unsafe.park(Native Method)
 java.util.concurrent.locks.LockSupport.parkNanos(LockSupport.java:215)
 java.util.concurrent.locks.AbstractQueuedSynchronizer$ConditionObject.awaitNanos(AbstractQueuedSynchronizer.java:2078)
 java.util.concurrent.ScheduledThreadPoolExecutor$DelayedWorkQueue.take(ScheduledThreadPoolExecutor.java:1093)
 java.util.concurrent.ScheduledThreadPoolExecutor$DelayedWorkQueue.take(ScheduledThreadPoolExecutor.java:809)
 java.util.concurrent.ThreadPoolExecutor.getTask(ThreadPoolExecutor.java:1074)
 java.util.concurrent.ThreadPoolExecutor.runWorker(ThreadPoolExecutor.java:1134)
 java.util.concurrent.ThreadPoolExecutor$Worker.run(ThreadPoolExecutor.java:624)
 java.lang.Thread.run(Thread.java:748)
2019-07-20 16:49:58.246  INFO 10720 --- [main] ConditionEvaluationReportLoggingListener : 

Error starting ApplicationContext. To display the conditions report re-run your application with 'debug' enabled.
2019-07-20 16:49:58.256 ERROR 10720 --- [main] o.s.boot.SpringApplication               : Application run failed

org.springframework.beans.factory.BeanCreationException: Error creating bean with name 'requestMappingHandlerMapping' defined in class path resource [org/springframework/boot/autoconfigure/web/servlet/WebMvcAutoConfiguration$EnableWebMvcConfiguration.class]: Invocation of init method failed; nested exception is java.lang.ArrayStoreException: sun.reflect.annotation.TypeNotPresentExceptionProxy
	at org.springframework.beans.factory.support.AbstractAutowireCapableBeanFactory.initializeBean(AbstractAutowireCapableBeanFactory.java:1706)
	at org.springframework.beans.factory.support.AbstractAutowireCapableBeanFactory.doCreateBean(AbstractAutowireCapableBeanFactory.java:579)
	at org.springframework.beans.factory.support.AbstractAutowireCapableBeanFactory.createBean(AbstractAutowireCapableBeanFactory.java:501)
	at org.springframework.beans.factory.support.AbstractBeanFactory.lambda$doGetBean$0(AbstractBeanFactory.java:317)
	at org.springframework.beans.factory.support.DefaultSingletonBeanRegistry.getSingleton(DefaultSingletonBeanRegistry.java:228)
	at org.springframework.beans.factory.support.AbstractBeanFactory.doGetBean(AbstractBeanFactory.java:315)
	at org.springframework.beans.factory.support.AbstractBeanFactory.getBean(AbstractBeanFactory.java:199)
	at org.springframework.beans.factory.support.DefaultListableBeanFactory.preInstantiateSingletons(DefaultListableBeanFactory.java:760)
	at org.springframework.context.support.AbstractApplicationContext.finishBeanFactoryInitialization(AbstractApplicationContext.java:869)
	at org.springframework.context.support.AbstractApplicationContext.refresh(AbstractApplicationContext.java:550)
	at org.springframework.boot.web.servlet.context.ServletWebServerApplicationContext.refresh(ServletWebServerApplicationContext.java:140)
	at org.springframework.boot.SpringApplication.refresh(SpringApplication.java:759)
	at org.springframework.boot.SpringApplication.refreshContext(SpringApplication.java:395)
	at org.springframework.boot.SpringApplication.run(SpringApplication.java:327)
	at org.springframework.boot.SpringApplication.run(SpringApplication.java:1255)
	at org.springframework.boot.SpringApplication.run(SpringApplication.java:1243)
	at com.example.adminservice.AdminServiceApplication.main(AdminServiceApplication.java:17)
Caused by: java.lang.ArrayStoreException: sun.reflect.annotation.TypeNotPresentExceptionProxy
	at sun.reflect.annotation.AnnotationParser.parseClassArray(AnnotationParser.java:724)
	at sun.reflect.annotation.AnnotationParser.parseArray(AnnotationParser.java:531)
	at sun.reflect.annotation.AnnotationParser.parseMemberValue(AnnotationParser.java:355)
	at sun.reflect.annotation.AnnotationParser.parseAnnotation2(AnnotationParser.java:286)
	at sun.reflect.annotation.AnnotationParser.parseAnnotations2(AnnotationParser.java:120)
	at sun.reflect.annotation.AnnotationParser.parseAnnotations(AnnotationParser.java:72)
	at java.lang.Class.createAnnotationData(Class.java:3521)
	at java.lang.Class.annotationData(Class.java:3510)
	at java.lang.Class.createAnnotationData(Class.java:3526)
	at java.lang.Class.annotationData(Class.java:3510)
	at java.lang.Class.getAnnotation(Class.java:3415)
	at java.lang.reflect.AnnotatedElement.isAnnotationPresent(AnnotatedElement.java:258)
	at java.lang.Class.isAnnotationPresent(Class.java:3425)
	at org.springframework.core.annotation.AnnotatedElementUtils.hasAnnotation(AnnotatedElementUtils.java:573)
	at org.springframework.web.servlet.mvc.method.annotation.RequestMappingHandlerMapping.isHandler(RequestMappingHandlerMapping.java:177)
	at org.springframework.web.servlet.handler.AbstractHandlerMethodMapping.initHandlerMethods(AbstractHandlerMethodMapping.java:217)
	at org.springframework.web.servlet.handler.AbstractHandlerMethodMapping.afterPropertiesSet(AbstractHandlerMethodMapping.java:188)
	at org.springframework.web.servlet.mvc.method.annotation.RequestMappingHandlerMapping.afterPropertiesSet(RequestMappingHandlerMapping.java:129)
	at org.springframework.beans.factory.support.AbstractAutowireCapableBeanFactory.invokeInitMethods(AbstractAutowireCapableBeanFactory.java:1765)
	at org.springframework.beans.factory.support.AbstractAutowireCapableBeanFactory.initializeBean(AbstractAutowireCapableBeanFactory.java:1702)
	... 16 common frames omitted

